TN:
SF:src\config\knex.ts
FNF:0
FNH:0
DA:1,1
DA:2,1
DA:3,1
DA:4,1
DA:5,1
DA:6,1
DA:7,1
DA:8,1
DA:9,1
DA:10,1
LF:10
LH:10
BRF:0
BRH:0
end_of_record
TN:
SF:src\module\aluno\aluno.model.ts
FN:8,Aluno
FN:12,Aluno.getAll
FN:16,Aluno.store
FNF:3
FNH:2
FNDA:2,Aluno
FNDA:0,Aluno.getAll
FNDA:1,Aluno.store
DA:1,1
DA:2,1
DA:3,1
DA:4,1
DA:5,1
DA:6,1
DA:7,1
DA:8,1
DA:9,2
DA:10,2
DA:11,1
DA:12,1
DA:13,0
DA:14,0
DA:15,1
DA:16,1
DA:17,1
DA:18,1
DA:19,1
LF:19
LH:17
BRDA:5,0,0,1
BRDA:8,1,0,2
BRDA:16,2,0,1
BRDA:16,3,0,1
BRF:4
BRH:4
end_of_record
TN:
SF:src\service\knex.ts
FN:4,KnexService
FN:7,KnexService.obterConexao
FNF:2
FNH:2
FNDA:2,KnexService
FNDA:2,KnexService.obterConexao
DA:1,1
DA:2,1
DA:3,1
DA:4,2
DA:5,2
DA:6,2
DA:7,2
DA:8,2
DA:9,1
DA:10,1
DA:11,2
DA:12,2
DA:13,2
LF:13
LH:13
BRDA:4,0,0,1
BRDA:4,1,0,2
BRDA:7,2,0,2
BRDA:8,3,0,1
BRF:4
BRH:4
end_of_record
